<?xml version="1.0" encoding="UTF-8"?>
<testsuite xmlns:xsi="http://www.w3.org/2001/XMLSchema-instance" xsi:noNamespaceSchemaLocation="https://maven.apache.org/surefire/maven-surefire-plugin/xsd/surefire-test-report-3.0.xsd" version="3.0" name="io.unifiedworkflow.sdk.SdkIntegrationTest" time="0.314" tests="12" errors="0" skipped="0" failures="0">
  <properties>
[...]
</properties>
  <testcase name="testPing" classname="io.unifiedworkflow.sdk.SdkIntegrationTest" time="0.052">
    <system-out><![CDATA[[SDK] version=1.2.0  endpoint=http://localhost:8082
[PASS] ping()
]]></system-out>
    <system-err><![CDATA[SLF4J(W): No SLF4J providers were found.
SLF4J(W): Defaulting to no-operation (NOP) logger implementation
SLF4J(W): See https://www.slf4j.org/codes.html#noProviders for further details.
]]></system-err>
  </testcase>
  <testcase name="testListWorkflows" classname="io.unifiedworkflow.sdk.SdkIntegrationTest" time="0.033">
    <system-out><![CDATA[[PASS] listWorkflows() — count=6
       id=workflow-1774758715625890797                   name=Sequential Workflow
       id=workflow-1774758715625891922                   name=Payment Processing Workflow
       id=workflow-1774758715625892589                   name=Multi-Step Workflow
       id=workflow-1774758715625894881                   name=antifraud-transaction-validation
       id=workflow-1774758715625903839                   name=antifraud-transaction-validation
       id=workflow-1774758715625872922                   name=Echo Workflow
[INFO] using workflowId=workflow-1774758715625872922
]]></system-out>
  </testcase>
  <testcase name="testGetWorkflow" classname="io.unifiedworkflow.sdk.SdkIntegrationTest" time="0.004">
    <system-out><![CDATA[[PASS] getWorkflow()  id=workflow-1774758715625872922  name=Echo Workflow
]]></system-out>
  </testcase>
  <testcase name="testExecuteWorkflow" classname="io.unifiedworkflow.sdk.SdkIntegrationTest" time="0.029">
    <system-out><![CDATA[[PASS] executeWorkflow()  runId=run-1774758992921833467  status=null  message=Workflow execution started
]]></system-out>
  </testcase>
  <testcase name="testExecuteWorkflowWithRequest" classname="io.unifiedworkflow.sdk.SdkIntegrationTest" time="0.004">
    <system-out><![CDATA[[PASS] executeWorkflow(request)  runId=run-1774758992935162467
]]></system-out>
  </testcase>
  <testcase name="testGetExecutionStatus" classname="io.unifiedworkflow.sdk.SdkIntegrationTest" time="0.005">
    <system-out><![CDATA[[PASS] getExecutionStatus()  runId=run-1774758992921833467  status=pending  isTerminal=false  progress=0%
]]></system-out>
  </testcase>
  <testcase name="testExecuteWorkflowAsync" classname="io.unifiedworkflow.sdk.SdkIntegrationTest" time="0.004">
    <system-out><![CDATA[[PASS] executeWorkflowAsync()  runId=run-1774758992943643717
]]></system-out>
  </testcase>
  <testcase name="testGetExecutionStatusAsync" classname="io.unifiedworkflow.sdk.SdkIntegrationTest" time="0.002">
    <system-out><![CDATA[[PASS] getExecutionStatusAsync()  runId=run-1774758992921833467  status=pending
]]></system-out>
  </testcase>
  <testcase name="testNullWorkflowIdThrows" classname="io.unifiedworkflow.sdk.SdkIntegrationTest" time="0.001">
    <system-out><![CDATA[[PASS] null workflowId guard
]]></system-out>
  </testcase>
  <testcase name="testNullRunIdThrows" classname="io.unifiedworkflow.sdk.SdkIntegrationTest" time="0.0">
    <system-out><![CDATA[[PASS] null runId guard
]]></system-out>
  </testcase>
  <testcase name="testUnknownWorkflowThrowsException" classname="io.unifiedworkflow.sdk.SdkIntegrationTest" time="0.004">
    <system-out><![CDATA[[PASS] unknown workflow exception  code=WORKFLOW_NOT_FOUND  status=404  msg=Workflow not found
]]></system-out>
  </testcase>
  <testcase name="testUnknownRunIdReturnsPending" classname="io.unifiedworkflow.sdk.SdkIntegrationTest" time="0.002">
    <system-out><![CDATA[[PASS] unknown runId returns status=pending  isTerminal=false
]]></system-out>
  </testcase>
</testsuite>